{
  "RSpec": {
    "coverage": {
      "/home/voltan/rubyApp/todo-api/config/environment.rb": {
        "lines": [
          null,
          null,
          null,
          1,
          null,
          null,
          1
        ]
      },
      "/home/voltan/rubyApp/todo-api/config/application.rb": {
        "lines": [
          null,
          null,
          1,
          null,
          1,
          null,
          null,
          null,
          1,
          null,
          1,
          1,
          1,
          1,
          1,
          1,
          null,
          1,
          1,
          null,
          1,
          null,
          null,
          null,
          null,
          null,
          null,
          null
        ]
      },
      "/home/voltan/rubyApp/todo-api/config/boot.rb": {
        "lines": [
          null,
          null,
          1,
          null,
          1,
          1
        ]
      },
      "/home/voltan/rubyApp/todo-api/config/environments/test.rb": {
        "lines": [
          null,
          null,
          null,
          null,
          null,
          null,
          null,
          1,
          null,
          null,
          1,
          1,
          null,
          null,
          null,
          null,
          1,
          null,
          null,
          1,
          1,
          null,
          null,
          null,
          null,
          1,
          1,
          1,
          null,
          null,
          1,
          null,
          null,
          1,
          null,
          null,
          1,
          null,
          1,
          null,
          null,
          null,
          null,
          1,
          null,
          null,
          1,
          null,
          null,
          null,
          null
        ]
      },
      "/home/voltan/rubyApp/todo-api/config/initializers/application_controller_renderer.rb": {
        "lines": [
          null,
          null,
          null,
          null,
          null,
          null,
          null,
          null,
          null
        ]
      },
      "/home/voltan/rubyApp/todo-api/config/initializers/assets.rb": {
        "lines": [
          null,
          null,
          null,
          null,
          null,
          1,
          null,
          null,
          null,
          null,
          1,
          null,
          null,
          null,
          null,
          null
        ]
      },
      "/home/voltan/rubyApp/todo-api/config/initializers/backtrace_silencers.rb": {
        "lines": [
          null,
          null,
          null,
          null,
          null,
          null,
          null,
          null
        ]
      },
      "/home/voltan/rubyApp/todo-api/config/initializers/content_security_policy.rb": {
        "lines": [
          null,
          null,
          null,
          null,
          null,
          null,
          null,
          null,
          null,
          null,
          null,
          null,
          null,
          null,
          null,
          null,
          null,
          null,
          null,
          null,
          null,
          null,
          null,
          null,
          null,
          null,
          null,
          null,
          null,
          null,
          null
        ]
      },
      "/home/voltan/rubyApp/todo-api/config/initializers/cookies_serializer.rb": {
        "lines": [
          null,
          null,
          null,
          null,
          null,
          null,
          1
        ]
      },
      "/home/voltan/rubyApp/todo-api/config/initializers/filter_parameter_logging.rb": {
        "lines": [
          null,
          null,
          null,
          null,
          null,
          1
        ]
      },
      "/home/voltan/rubyApp/todo-api/config/initializers/inflections.rb": {
        "lines": [
          null,
          null,
          null,
          null,
          null,
          null,
          null,
          null,
          null,
          null,
          null,
          null,
          null,
          null,
          null,
          null,
          null
        ]
      },
      "/home/voltan/rubyApp/todo-api/config/initializers/jwt_session.rb": {
        "lines": [
          null,
          null,
          1,
          1,
          1,
          null,
          null,
          null,
          null,
          null,
          null
        ]
      },
      "/home/voltan/rubyApp/todo-api/config/initializers/mime_types.rb": {
        "lines": [
          null,
          null,
          null,
          null,
          null
        ]
      },
      "/home/voltan/rubyApp/todo-api/config/initializers/rswag-ui.rb": {
        "lines": [
          1,
          null,
          null,
          null,
          null,
          null,
          null,
          null,
          1,
          null,
          null,
          null,
          null,
          null
        ]
      },
      "/home/voltan/rubyApp/todo-api/config/initializers/rswag_api.rb": {
        "lines": [
          1,
          null,
          null,
          null,
          null,
          null,
          1,
          null,
          null,
          null,
          null,
          null,
          null,
          null
        ]
      },
      "/home/voltan/rubyApp/todo-api/config/initializers/wrap_parameters.rb": {
        "lines": [
          null,
          null,
          null,
          null,
          null,
          null,
          null,
          null,
          1,
          2,
          null,
          null,
          null,
          null,
          null,
          null
        ]
      },
      "/home/voltan/rubyApp/todo-api/spec/factories.rb": {
        "lines": [
          null,
          null,
          1,
          1,
          3,
          null,
          null,
          1,
          19,
          19,
          22,
          null,
          null,
          1,
          7,
          7,
          null,
          null,
          1,
          3,
          null,
          null
        ]
      },
      "/home/voltan/rubyApp/todo-api/config/routes.rb": {
        "lines": [
          null,
          null,
          1,
          1,
          1,
          1,
          1,
          1,
          1,
          1,
          1,
          1,
          1,
          1,
          1,
          1,
          1,
          1,
          1,
          null,
          null,
          null
        ]
      },
      "/home/voltan/rubyApp/todo-api/app/helpers/application_helper.rb": {
        "lines": [
          null,
          null,
          1,
          null
        ]
      },
      "/home/voltan/rubyApp/todo-api/spec/support/factory_bot.rb": {
        "lines": [
          null,
          null,
          1,
          1,
          null
        ]
      },
      "/home/voltan/rubyApp/todo-api/app/models/comment.rb": {
        "lines": [
          null,
          null,
          1,
          1,
          1,
          1,
          null,
          1,
          null
        ]
      },
      "/home/voltan/rubyApp/todo-api/app/models/application_record.rb": {
        "lines": [
          null,
          null,
          1,
          1,
          null
        ]
      },
      "/home/voltan/rubyApp/todo-api/spec/api/v1/models/project_spec.rb": {
        "lines": [
          null,
          null,
          1,
          null,
          1,
          3,
          3,
          3,
          null,
          1,
          1,
          null,
          null,
          1,
          1,
          null,
          null
        ]
      },
      "/home/voltan/rubyApp/todo-api/app/models/project.rb": {
        "lines": [
          null,
          null,
          1,
          1,
          1,
          1,
          1,
          null,
          null
        ]
      },
      "/home/voltan/rubyApp/todo-api/spec/api/v1/models/task_spec.rb": {
        "lines": [
          null,
          null,
          1,
          null,
          1,
          3,
          3,
          3,
          3,
          1,
          1,
          null,
          null,
          1,
          1,
          null,
          null
        ]
      },
      "/home/voltan/rubyApp/todo-api/app/models/task.rb": {
        "lines": [
          null,
          null,
          1,
          1,
          1,
          1,
          1,
          null
        ]
      },
      "/home/voltan/rubyApp/todo-api/spec/api/v1/models/user_spec.rb": {
        "lines": [
          null,
          null,
          1,
          null,
          1,
          4,
          4,
          4,
          null,
          1,
          1,
          null,
          1,
          1,
          null,
          1,
          1,
          1,
          null,
          null
        ]
      },
      "/home/voltan/rubyApp/todo-api/app/models/user.rb": {
        "lines": [
          null,
          null,
          1,
          1,
          1,
          1,
          1,
          1,
          null,
          null,
          null,
          null,
          1,
          null,
          null,
          null,
          null
        ]
      },
      "/home/voltan/rubyApp/todo-api/spec/api/v1/requests/projects_request_spec.rb": {
        "lines": [
          null,
          null,
          1,
          1,
          2,
          2,
          1,
          2,
          2,
          2,
          null,
          1,
          1,
          1,
          1,
          1,
          1,
          1,
          null,
          null
        ]
      },
      "/home/voltan/rubyApp/todo-api/spec/api/v1/requests/tasks_request_spec.rb": {
        "lines": [
          null,
          null,
          1,
          null,
          1,
          null
        ]
      },
      "/home/voltan/rubyApp/todo-api/spec/api/v1/requests/users_request_spec.rb": {
        "lines": [
          null,
          null,
          1,
          null,
          1,
          3,
          3,
          3,
          3,
          null,
          1,
          1,
          1,
          1,
          null,
          null,
          1,
          1,
          1,
          null,
          null
        ]
      },
      "/home/voltan/rubyApp/todo-api/spec/requests/api/login_spec.rb": {
        "lines": [
          null,
          null,
          1,
          null,
          1,
          3,
          2,
          null,
          1,
          1,
          1,
          1,
          1,
          1,
          null,
          null,
          null,
          null,
          null,
          null,
          null,
          1,
          1,
          null,
          1,
          2,
          1,
          null,
          null,
          null,
          null
        ]
      },
      "/home/voltan/rubyApp/todo-api/spec/swagger_helper.rb": {
        "lines": [
          null,
          null,
          1,
          1,
          1,
          null,
          1,
          null,
          null,
          null,
          1,
          null,
          null,
          null,
          null,
          null,
          null,
          null,
          1,
          null,
          null,
          null,
          null,
          null,
          null,
          null,
          null,
          null,
          null,
          null,
          null,
          null,
          null,
          null,
          null,
          null,
          null,
          null,
          null,
          null,
          null,
          null,
          null,
          null,
          null,
          null,
          null,
          null,
          null,
          1,
          null
        ]
      },
      "/home/voltan/rubyApp/todo-api/spec/requests/api/projects_spec.rb": {
        "lines": [
          null,
          null,
          1,
          null,
          1,
          2,
          2,
          2,
          2,
          2,
          2,
          2,
          2,
          2,
          2,
          null,
          1,
          1,
          1,
          1,
          1,
          1,
          null,
          1,
          null,
          null,
          null,
          null,
          null,
          null,
          null,
          null,
          null,
          1,
          1,
          null,
          null,
          null,
          null
        ]
      },
      "/home/voltan/rubyApp/todo-api/spec/requests/api/registration_spec.rb": {
        "lines": [
          null,
          null,
          1,
          null,
          1,
          2,
          2,
          2,
          null,
          null,
          1,
          1,
          1,
          1,
          1,
          1,
          1,
          null,
          null,
          null,
          null
        ]
      },
      "/home/voltan/rubyApp/todo-api/app/controllers/application_controller.rb": {
        "lines": [
          null,
          null,
          1,
          null,
          1,
          1,
          null,
          1,
          null,
          1,
          2,
          null,
          null,
          1,
          0,
          null,
          null,
          1,
          7,
          null,
          0,
          null,
          null
        ]
      },
      "/home/voltan/rubyApp/todo-api/app/controllers/api/v1/projects_controller.rb": {
        "lines": [
          null,
          null,
          1,
          1,
          1,
          1,
          null,
          1,
          null,
          null,
          1,
          2,
          2,
          2,
          2,
          null,
          0,
          null,
          null,
          null,
          1,
          0,
          0,
          0,
          null,
          0,
          null,
          null,
          null,
          1,
          0,
          0,
          0,
          null,
          0,
          0,
          null,
          null,
          null,
          1,
          null,
          1,
          2,
          null,
          null,
          null,
          null
        ]
      },
      "/home/voltan/rubyApp/todo-api/app/serializers/serializable_project.rb": {
        "lines": [
          null,
          null,
          1,
          1,
          1,
          null,
          null,
          null,
          null
        ]
      },
      "/home/voltan/rubyApp/todo-api/app/controllers/api/v1/login_controller.rb": {
        "lines": [
          null,
          null,
          1,
          1,
          1,
          1,
          1,
          null,
          1,
          4,
          4,
          2,
          2,
          2,
          null,
          2,
          null,
          null,
          null,
          1,
          0,
          0,
          0,
          null,
          null,
          1,
          0,
          0,
          0,
          null,
          null,
          null,
          null
        ]
      },
      "/home/voltan/rubyApp/todo-api/app/controllers/api/v1/registration_controller.rb": {
        "lines": [
          null,
          null,
          1,
          1,
          1,
          1,
          1,
          1,
          1,
          1,
          null,
          0,
          null,
          null,
          null,
          1,
          null,
          1,
          1,
          null,
          null,
          null,
          null
        ]
      }
    },
    "timestamp": 1597208581
  }
}
